{
"/Users/scott/Sites/launchy/brochure/js/launchy.js":{"path":"/Users/scott/Sites/launchy/brochure/js/launchy.js","s":{"1":1,"2":1,"3":2,"4":0,"5":2,"6":2,"7":1,"8":1,"9":0,"10":0,"11":0,"12":0,"13":0,"14":0,"15":1,"16":1,"17":0,"18":1,"19":1,"20":1,"21":1,"22":11,"23":11,"24":1,"25":1,"26":1,"27":1,"28":1,"29":1,"30":1,"31":1,"32":1,"33":7,"34":7,"35":0,"36":1,"37":1,"38":1,"39":0,"40":1,"41":1,"42":1,"43":1,"44":1,"45":1,"46":4,"47":4,"48":0,"49":1,"50":1,"51":1,"52":0,"53":1,"54":1,"55":1,"56":1,"57":1,"58":1,"59":1,"60":0,"61":1,"62":1,"63":1,"64":0,"65":1,"66":1,"67":1,"68":0,"69":0,"70":1,"71":1,"72":1,"73":0,"74":0,"75":0,"76":0,"77":0,"78":0,"79":0,"80":0,"81":0,"82":0,"83":0,"84":0,"85":0,"86":0,"87":0,"88":0,"89":0,"90":0,"91":0,"92":0,"93":1,"94":1,"95":1,"96":1,"97":1,"98":0,"99":1,"100":0,"101":1,"102":1,"103":0,"104":1,"105":1,"106":1,"107":0,"108":1,"109":1},"b":{"1":[0,2],"2":[0,0],"3":[0,0],"4":[0,0],"5":[0,1],"6":[11,11],"7":[11,11],"8":[1,1],"9":[1,0],"10":[7,0,7],"11":[7,0,7],"12":[7,7],"13":[1,0,0],"14":[0,1],"15":[1,1],"16":[1,1],"17":[1,1],"18":[1,0,0],"19":[0,1],"20":[1,0,0],"21":[0,1],"22":[1,0,0],"23":[0,1],"24":[0,0,0],"25":[0,0],"26":[0,0,0],"27":[0,0],"28":[0,0],"29":[0,0],"30":[0,0],"31":[0,0],"32":[0,0],"33":[0,0],"34":[0,0,0],"35":[0,0],"36":[0,1],"37":[0,1],"38":[1,0],"39":[1,0,0],"40":[0,1]},"f":{"1":1,"2":2,"3":0,"4":0,"5":0,"6":0,"7":0,"8":1,"9":1,"10":1,"11":1,"12":1,"13":1,"14":1,"15":1,"16":1,"17":1,"18":1,"19":0,"20":0,"21":0,"22":0,"23":0,"24":0,"25":0,"26":1,"27":1},"fnMap":{"1":{"name":"(anonymous_1)","line":1,"loc":{"start":{"line":1,"column":12},"end":{"line":1,"column":23}}},"2":{"name":"e","line":1,"loc":{"start":{"line":1,"column":24},"end":{"line":1,"column":37}}},"3":{"name":"(anonymous_3)","line":1,"loc":{"start":{"line":1,"column":190},"end":{"line":1,"column":205}}},"4":{"name":"(anonymous_4)","line":1,"loc":{"start":{"line":1,"column":286},"end":{"line":1,"column":297}}},"5":{"name":"(anonymous_5)","line":1,"loc":{"start":{"line":1,"column":320},"end":{"line":1,"column":330}}},"6":{"name":"(anonymous_6)","line":1,"loc":{"start":{"line":1,"column":349},"end":{"line":1,"column":359}}},"7":{"name":"(anonymous_7)","line":1,"loc":{"start":{"line":1,"column":397},"end":{"line":1,"column":410}}},"8":{"name":"(anonymous_8)","line":1,"loc":{"start":{"line":1,"column":479},"end":{"line":1,"column":494}}},"9":{"name":"l","line":1,"loc":{"start":{"line":1,"column":508},"end":{"line":1,"column":523}}},"10":{"name":"(anonymous_10)","line":1,"loc":{"start":{"line":1,"column":657},"end":{"line":1,"column":667}}},"11":{"name":"t","line":1,"loc":{"start":{"line":1,"column":668},"end":{"line":1,"column":683}}},"12":{"name":"(anonymous_12)","line":1,"loc":{"start":{"line":1,"column":841},"end":{"line":1,"column":856}}},"13":{"name":"(anonymous_13)","line":1,"loc":{"start":{"line":1,"column":2251},"end":{"line":1,"column":2261}}},"14":{"name":"t","line":1,"loc":{"start":{"line":1,"column":2262},"end":{"line":1,"column":2275}}},"15":{"name":"(anonymous_15)","line":1,"loc":{"start":{"line":1,"column":2658},"end":{"line":1,"column":2668}}},"16":{"name":"(anonymous_16)","line":1,"loc":{"start":{"line":1,"column":3239},"end":{"line":1,"column":3250}}},"17":{"name":"(anonymous_17)","line":1,"loc":{"start":{"line":1,"column":4828},"end":{"line":1,"column":4839}}},"18":{"name":"(anonymous_18)","line":1,"loc":{"start":{"line":1,"column":5596},"end":{"line":1,"column":5606}}},"19":{"name":"(anonymous_19)","line":1,"loc":{"start":{"line":1,"column":6682},"end":{"line":1,"column":6693}}},"20":{"name":"(anonymous_20)","line":1,"loc":{"start":{"line":1,"column":7185},"end":{"line":1,"column":7196}}},"21":{"name":"(anonymous_21)","line":1,"loc":{"start":{"line":1,"column":7552},"end":{"line":1,"column":7563}}},"22":{"name":"(anonymous_22)","line":1,"loc":{"start":{"line":1,"column":7747},"end":{"line":1,"column":7758}}},"23":{"name":"(anonymous_23)","line":1,"loc":{"start":{"line":1,"column":7846},"end":{"line":1,"column":7857}}},"24":{"name":"(anonymous_24)","line":1,"loc":{"start":{"line":1,"column":7947},"end":{"line":1,"column":7958}}},"25":{"name":"(anonymous_25)","line":1,"loc":{"start":{"line":1,"column":8155},"end":{"line":1,"column":8166}}},"26":{"name":"(anonymous_26)","line":1,"loc":{"start":{"line":1,"column":8710},"end":{"line":1,"column":8720}}},"27":{"name":"(anonymous_27)","line":1,"loc":{"start":{"line":1,"column":9251},"end":{"line":1,"column":9264}}}},"statementMap":{"1":{"start":{"line":1,"column":0},"end":{"line":1,"column":9455}},"2":{"start":{"line":1,"column":24},"end":{"line":1,"column":158}},"3":{"start":{"line":1,"column":38},"end":{"line":1,"column":66}},"4":{"start":{"line":1,"column":46},"end":{"line":1,"column":66}},"5":{"start":{"line":1,"column":66},"end":{"line":1,"column":99}},"6":{"start":{"line":1,"column":99},"end":{"line":1,"column":157}},"7":{"start":{"line":1,"column":158},"end":{"line":1,"column":167}},"8":{"start":{"line":1,"column":167},"end":{"line":1,"column":476}},"9":{"start":{"line":1,"column":206},"end":{"line":1,"column":280}},"10":{"start":{"line":1,"column":298},"end":{"line":1,"column":370}},"11":{"start":{"line":1,"column":331},"end":{"line":1,"column":347}},"12":{"start":{"line":1,"column":360},"end":{"line":1,"column":368}},"13":{"start":{"line":1,"column":370},"end":{"line":1,"column":391}},"14":{"start":{"line":1,"column":411},"end":{"line":1,"column":459}},"15":{"start":{"line":1,"column":508},"end":{"line":1,"column":602}},"16":{"start":{"line":1,"column":524},"end":{"line":1,"column":601}},"17":{"start":{"line":1,"column":545},"end":{"line":1,"column":601}},"18":{"start":{"line":1,"column":602},"end":{"line":1,"column":651}},"19":{"start":{"line":1,"column":651},"end":{"line":1,"column":9187}},"20":{"start":{"line":1,"column":668},"end":{"line":1,"column":834}},"21":{"start":{"line":1,"column":684},"end":{"line":1,"column":833}},"22":{"start":{"line":1,"column":712},"end":{"line":1,"column":723}},"23":{"start":{"line":1,"column":723},"end":{"line":1,"column":832}},"24":{"start":{"line":1,"column":834},"end":{"line":1,"column":896}},"25":{"start":{"line":1,"column":857},"end":{"line":1,"column":895}},"26":{"start":{"line":1,"column":2262},"end":{"line":1,"column":2616}},"27":{"start":{"line":1,"column":2276},"end":{"line":1,"column":2615}},"28":{"start":{"line":1,"column":2616},"end":{"line":1,"column":8704}},"29":{"start":{"line":1,"column":2669},"end":{"line":1,"column":2729}},"30":{"start":{"line":1,"column":2729},"end":{"line":1,"column":2752}},"31":{"start":{"line":1,"column":2752},"end":{"line":1,"column":3208}},"32":{"start":{"line":1,"column":2756},"end":{"line":1,"column":3130}},"33":{"start":{"line":1,"column":2846},"end":{"line":1,"column":2865}},"34":{"start":{"line":1,"column":2865},"end":{"line":1,"column":3129}},"35":{"start":{"line":1,"column":3140},"end":{"line":1,"column":3148}},"36":{"start":{"line":1,"column":3157},"end":{"line":1,"column":3207}},"37":{"start":{"line":1,"column":3161},"end":{"line":1,"column":3185}},"38":{"start":{"line":1,"column":3194},"end":{"line":1,"column":3206}},"39":{"start":{"line":1,"column":3199},"end":{"line":1,"column":3206}},"40":{"start":{"line":1,"column":3251},"end":{"line":1,"column":4797}},"41":{"start":{"line":1,"column":4840},"end":{"line":1,"column":4888}},"42":{"start":{"line":1,"column":4888},"end":{"line":1,"column":5209}},"43":{"start":{"line":1,"column":5209},"end":{"line":1,"column":5232}},"44":{"start":{"line":1,"column":5232},"end":{"line":1,"column":5516}},"45":{"start":{"line":1,"column":5236},"end":{"line":1,"column":5438}},"46":{"start":{"line":1,"column":5310},"end":{"line":1,"column":5324}},"47":{"start":{"line":1,"column":5324},"end":{"line":1,"column":5437}},"48":{"start":{"line":1,"column":5448},"end":{"line":1,"column":5456}},"49":{"start":{"line":1,"column":5465},"end":{"line":1,"column":5515}},"50":{"start":{"line":1,"column":5469},"end":{"line":1,"column":5493}},"51":{"start":{"line":1,"column":5502},"end":{"line":1,"column":5514}},"52":{"start":{"line":1,"column":5507},"end":{"line":1,"column":5514}},"53":{"start":{"line":1,"column":5516},"end":{"line":1,"column":5560}},"54":{"start":{"line":1,"column":5607},"end":{"line":1,"column":5749}},"55":{"start":{"line":1,"column":5749},"end":{"line":1,"column":6165}},"56":{"start":{"line":1,"column":6165},"end":{"line":1,"column":6188}},"57":{"start":{"line":1,"column":6188},"end":{"line":1,"column":6407}},"58":{"start":{"line":1,"column":6192},"end":{"line":1,"column":6329}},"59":{"start":{"line":1,"column":6266},"end":{"line":1,"column":6328}},"60":{"start":{"line":1,"column":6339},"end":{"line":1,"column":6347}},"61":{"start":{"line":1,"column":6356},"end":{"line":1,"column":6406}},"62":{"start":{"line":1,"column":6360},"end":{"line":1,"column":6384}},"63":{"start":{"line":1,"column":6393},"end":{"line":1,"column":6405}},"64":{"start":{"line":1,"column":6398},"end":{"line":1,"column":6405}},"65":{"start":{"line":1,"column":6407},"end":{"line":1,"column":6430}},"66":{"start":{"line":1,"column":6430},"end":{"line":1,"column":6656}},"67":{"start":{"line":1,"column":6434},"end":{"line":1,"column":6578}},"68":{"start":{"line":1,"column":6508},"end":{"line":1,"column":6577}},"69":{"start":{"line":1,"column":6588},"end":{"line":1,"column":6596}},"70":{"start":{"line":1,"column":6605},"end":{"line":1,"column":6655}},"71":{"start":{"line":1,"column":6609},"end":{"line":1,"column":6633}},"72":{"start":{"line":1,"column":6642},"end":{"line":1,"column":6654}},"73":{"start":{"line":1,"column":6647},"end":{"line":1,"column":6654}},"74":{"start":{"line":1,"column":6694},"end":{"line":1,"column":7159}},"75":{"start":{"line":1,"column":7197},"end":{"line":1,"column":7526}},"76":{"start":{"line":1,"column":7564},"end":{"line":1,"column":7722}},"77":{"start":{"line":1,"column":7759},"end":{"line":1,"column":7819}},"78":{"start":{"line":1,"column":7858},"end":{"line":1,"column":7914}},"79":{"start":{"line":1,"column":7959},"end":{"line":1,"column":8044}},"80":{"start":{"line":1,"column":8044},"end":{"line":1,"column":8098}},"81":{"start":{"line":1,"column":8055},"end":{"line":1,"column":8098}},"82":{"start":{"line":1,"column":8098},"end":{"line":1,"column":8125}},"83":{"start":{"line":1,"column":8167},"end":{"line":1,"column":8246}},"84":{"start":{"line":1,"column":8246},"end":{"line":1,"column":8698}},"85":{"start":{"line":1,"column":8250},"end":{"line":1,"column":8620}},"86":{"start":{"line":1,"column":8324},"end":{"line":1,"column":8338}},"87":{"start":{"line":1,"column":8338},"end":{"line":1,"column":8619}},"88":{"start":{"line":1,"column":8630},"end":{"line":1,"column":8638}},"89":{"start":{"line":1,"column":8647},"end":{"line":1,"column":8697}},"90":{"start":{"line":1,"column":8651},"end":{"line":1,"column":8675}},"91":{"start":{"line":1,"column":8684},"end":{"line":1,"column":8696}},"92":{"start":{"line":1,"column":8689},"end":{"line":1,"column":8696}},"93":{"start":{"line":1,"column":8721},"end":{"line":1,"column":8805}},"94":{"start":{"line":1,"column":8805},"end":{"line":1,"column":9185}},"95":{"start":{"line":1,"column":8809},"end":{"line":1,"column":9107}},"96":{"start":{"line":1,"column":8883},"end":{"line":1,"column":8897}},"97":{"start":{"line":1,"column":8897},"end":{"line":1,"column":8994}},"98":{"start":{"line":1,"column":8968},"end":{"line":1,"column":8994}},"99":{"start":{"line":1,"column":8994},"end":{"line":1,"column":9042}},"100":{"start":{"line":1,"column":9011},"end":{"line":1,"column":9042}},"101":{"start":{"line":1,"column":9042},"end":{"line":1,"column":9074}},"102":{"start":{"line":1,"column":9074},"end":{"line":1,"column":9106}},"103":{"start":{"line":1,"column":9117},"end":{"line":1,"column":9125}},"104":{"start":{"line":1,"column":9134},"end":{"line":1,"column":9184}},"105":{"start":{"line":1,"column":9138},"end":{"line":1,"column":9162}},"106":{"start":{"line":1,"column":9171},"end":{"line":1,"column":9183}},"107":{"start":{"line":1,"column":9176},"end":{"line":1,"column":9183}},"108":{"start":{"line":1,"column":9187},"end":{"line":1,"column":9249}},"109":{"start":{"line":1,"column":9265},"end":{"line":1,"column":9451}}},"branchMap":{"1":{"line":1,"type":"if","locations":[{"start":{"line":1,"column":38},"end":{"line":1,"column":38}},{"start":{"line":1,"column":38},"end":{"line":1,"column":38}}]},"2":{"line":1,"type":"binary-expr","locations":[{"start":{"line":1,"column":206},"end":{"line":1,"column":214}},{"start":{"line":1,"column":216},"end":{"line":1,"column":280}}]},"3":{"line":1,"type":"cond-expr","locations":[{"start":{"line":1,"column":320},"end":{"line":1,"column":348}},{"start":{"line":1,"column":349},"end":{"line":1,"column":369}}]},"4":{"line":1,"type":"binary-expr","locations":[{"start":{"line":1,"column":304},"end":{"line":1,"column":305}},{"start":{"line":1,"column":307},"end":{"line":1,"column":319}}]},"5":{"line":1,"type":"if","locations":[{"start":{"line":1,"column":524},"end":{"line":1,"column":524}},{"start":{"line":1,"column":524},"end":{"line":1,"column":524}}]},"6":{"line":1,"type":"binary-expr","locations":[{"start":{"line":1,"column":736},"end":{"line":1,"column":748}},{"start":{"line":1,"column":750},"end":{"line":1,"column":752}}]},"7":{"line":1,"type":"binary-expr","locations":[{"start":{"line":1,"column":771},"end":{"line":1,"column":782}},{"start":{"line":1,"column":785},"end":{"line":1,"column":798}}]},"8":{"line":1,"type":"binary-expr","locations":[{"start":{"line":1,"column":864},"end":{"line":1,"column":865}},{"start":{"line":1,"column":867},"end":{"line":1,"column":883}}]},"9":{"line":1,"type":"binary-expr","locations":[{"start":{"line":1,"column":884},"end":{"line":1,"column":885}},{"start":{"line":1,"column":887},"end":{"line":1,"column":893}}]},"10":{"line":1,"type":"binary-expr","locations":[{"start":{"line":1,"column":2865},"end":{"line":1,"column":2891}},{"start":{"line":1,"column":2893},"end":{"line":1,"column":2926}},{"start":{"line":1,"column":2929},"end":{"line":1,"column":2970}}]},"11":{"line":1,"type":"binary-expr","locations":[{"start":{"line":1,"column":2972},"end":{"line":1,"column":3001}},{"start":{"line":1,"column":3003},"end":{"line":1,"column":3041}},{"start":{"line":1,"column":3044},"end":{"line":1,"column":3087}}]},"12":{"line":1,"type":"binary-expr","locations":[{"start":{"line":1,"column":3089},"end":{"line":1,"column":3090}},{"start":{"line":1,"column":3092},"end":{"line":1,"column":3129}}]},"13":{"line":1,"type":"binary-expr","locations":[{"start":{"line":1,"column":3161},"end":{"line":1,"column":3163}},{"start":{"line":1,"column":3165},"end":{"line":1,"column":3173}},{"start":{"line":1,"column":3175},"end":{"line":1,"column":3185}}]},"14":{"line":1,"type":"if","locations":[{"start":{"line":1,"column":3194},"end":{"line":1,"column":3194}},{"start":{"line":1,"column":3194},"end":{"line":1,"column":3194}}]},"15":{"line":1,"type":"binary-expr","locations":[{"start":{"line":1,"column":4194},"end":{"line":1,"column":4207}},{"start":{"line":1,"column":4209},"end":{"line":1,"column":4288}}]},"16":{"line":1,"type":"binary-expr","locations":[{"start":{"line":1,"column":4598},"end":{"line":1,"column":4611}},{"start":{"line":1,"column":4614},"end":{"line":1,"column":4796}}]},"17":{"line":1,"type":"binary-expr","locations":[{"start":{"line":1,"column":5107},"end":{"line":1,"column":5120}},{"start":{"line":1,"column":5122},"end":{"line":1,"column":5168}}]},"18":{"line":1,"type":"binary-expr","locations":[{"start":{"line":1,"column":5469},"end":{"line":1,"column":5471}},{"start":{"line":1,"column":5473},"end":{"line":1,"column":5481}},{"start":{"line":1,"column":5483},"end":{"line":1,"column":5493}}]},"19":{"line":1,"type":"if","locations":[{"start":{"line":1,"column":5502},"end":{"line":1,"column":5502}},{"start":{"line":1,"column":5502},"end":{"line":1,"column":5502}}]},"20":{"line":1,"type":"binary-expr","locations":[{"start":{"line":1,"column":6360},"end":{"line":1,"column":6362}},{"start":{"line":1,"column":6364},"end":{"line":1,"column":6372}},{"start":{"line":1,"column":6374},"end":{"line":1,"column":6384}}]},"21":{"line":1,"type":"if","locations":[{"start":{"line":1,"column":6393},"end":{"line":1,"column":6393}},{"start":{"line":1,"column":6393},"end":{"line":1,"column":6393}}]},"22":{"line":1,"type":"binary-expr","locations":[{"start":{"line":1,"column":6609},"end":{"line":1,"column":6611}},{"start":{"line":1,"column":6613},"end":{"line":1,"column":6621}},{"start":{"line":1,"column":6623},"end":{"line":1,"column":6633}}]},"23":{"line":1,"type":"if","locations":[{"start":{"line":1,"column":6642},"end":{"line":1,"column":6642}},{"start":{"line":1,"column":6642},"end":{"line":1,"column":6642}}]},"24":{"line":1,"type":"binary-expr","locations":[{"start":{"line":1,"column":7564},"end":{"line":1,"column":7583}},{"start":{"line":1,"column":7585},"end":{"line":1,"column":7621}},{"start":{"line":1,"column":7624},"end":{"line":1,"column":7721}}]},"25":{"line":1,"type":"cond-expr","locations":[{"start":{"line":1,"column":7667},"end":{"line":1,"column":7693}},{"start":{"line":1,"column":7694},"end":{"line":1,"column":7721}}]},"26":{"line":1,"type":"binary-expr","locations":[{"start":{"line":1,"column":7759},"end":{"line":1,"column":7778}},{"start":{"line":1,"column":7780},"end":{"line":1,"column":7800}},{"start":{"line":1,"column":7802},"end":{"line":1,"column":7819}}]},"27":{"line":1,"type":"binary-expr","locations":[{"start":{"line":1,"column":7858},"end":{"line":1,"column":7877}},{"start":{"line":1,"column":7880},"end":{"line":1,"column":7913}}]},"28":{"line":1,"type":"if","locations":[{"start":{"line":1,"column":8044},"end":{"line":1,"column":8044}},{"start":{"line":1,"column":8044},"end":{"line":1,"column":8044}}]},"29":{"line":1,"type":"cond-expr","locations":[{"start":{"line":1,"column":8341},"end":{"line":1,"column":8475}},{"start":{"line":1,"column":8478},"end":{"line":1,"column":8618}}]},"30":{"line":1,"type":"binary-expr","locations":[{"start":{"line":1,"column":8341},"end":{"line":1,"column":8376}},{"start":{"line":1,"column":8378},"end":{"line":1,"column":8410}}]},"31":{"line":1,"type":"binary-expr","locations":[{"start":{"line":1,"column":8411},"end":{"line":1,"column":8444}},{"start":{"line":1,"column":8446},"end":{"line":1,"column":8475}}]},"32":{"line":1,"type":"binary-expr","locations":[{"start":{"line":1,"column":8478},"end":{"line":1,"column":8513}},{"start":{"line":1,"column":8515},"end":{"line":1,"column":8550}}]},"33":{"line":1,"type":"binary-expr","locations":[{"start":{"line":1,"column":8551},"end":{"line":1,"column":8584}},{"start":{"line":1,"column":8586},"end":{"line":1,"column":8618}}]},"34":{"line":1,"type":"binary-expr","locations":[{"start":{"line":1,"column":8651},"end":{"line":1,"column":8653}},{"start":{"line":1,"column":8655},"end":{"line":1,"column":8663}},{"start":{"line":1,"column":8665},"end":{"line":1,"column":8675}}]},"35":{"line":1,"type":"if","locations":[{"start":{"line":1,"column":8684},"end":{"line":1,"column":8684}},{"start":{"line":1,"column":8684},"end":{"line":1,"column":8684}}]},"36":{"line":1,"type":"if","locations":[{"start":{"line":1,"column":8897},"end":{"line":1,"column":8897}},{"start":{"line":1,"column":8897},"end":{"line":1,"column":8897}}]},"37":{"line":1,"type":"if","locations":[{"start":{"line":1,"column":8994},"end":{"line":1,"column":8994}},{"start":{"line":1,"column":8994},"end":{"line":1,"column":8994}}]},"38":{"line":1,"type":"binary-expr","locations":[{"start":{"line":1,"column":9042},"end":{"line":1,"column":9043}},{"start":{"line":1,"column":9045},"end":{"line":1,"column":9073}}]},"39":{"line":1,"type":"binary-expr","locations":[{"start":{"line":1,"column":9138},"end":{"line":1,"column":9140}},{"start":{"line":1,"column":9142},"end":{"line":1,"column":9150}},{"start":{"line":1,"column":9152},"end":{"line":1,"column":9162}}]},"40":{"line":1,"type":"if","locations":[{"start":{"line":1,"column":9171},"end":{"line":1,"column":9171}},{"start":{"line":1,"column":9171},"end":{"line":1,"column":9171}}]}},"l":{"1":11}}}
